<?xml version="1.0" encoding="UTF-8"?>
<!-- Generated by org.testng.reporters.JUnitReportReporter -->
<testsuite hostname="DESKTOP-V6UAPD8" failures="0" tests="2" name="amazon.testcases.TC_productpage" time="66.328" errors="0" timestamp="16 May 2024 06:51:15 GMT">
  <testcase classname="amazon.testcases.TC_productpage" name="VerifyBuyProduct" time="56.427"/>
  <testcase classname="amazon.testcases.TC_productpage" name="VerifySearchProduct" time="9.901"/>
</testsuite> <!-- amazon.testcases.TC_productpage -->
