<?xml version="1.0" encoding="UTF-8"?>
<!-- Generated by org.testng.reporters.JUnitReportReporter -->
<testsuite hostname="DESKTOP-V6UAPD8" failures="0" tests="2" name="amazon.testcases.TC_myaccountpageTest" time="17.881" errors="0" timestamp="16 May 2024 06:51:15 GMT">
  <testcase classname="amazon.testcases.TC_myaccountpageTest" name="verifylogin" time="9.257"/>
  <testcase classname="amazon.testcases.TC_myaccountpageTest" name="VerifySignOut" time="8.624"/>
</testsuite> <!-- amazon.testcases.TC_myaccountpageTest -->
