<?xml version="1.0" encoding="UTF-8"?>
<!-- Generated by org.testng.reporters.JUnitReportReporter -->
<testsuite hostname="DESKTOP-V6UAPD8" failures="0" tests="2" name="amazon.testcases.TC_productpage" time="72.108" errors="0" timestamp="20 May 2024 08:18:28 GMT">
  <testcase classname="amazon.testcases.TC_productpage" name="VerifySearchProduct" time="10.706"/>
  <testcase classname="amazon.testcases.TC_productpage" name="VerifyBuyProduct" time="61.402"/>
</testsuite> <!-- amazon.testcases.TC_productpage -->
